<?xml version="1.0" encoding="UTF-8"?>
<!-- Generated by org.testng.reporters.JUnitXMLReporter -->
<testsuite hostname="Ruthwik" ignored="3" name="Tasks Tests(failed)" tests="1" failures="1" timestamp="23 Jul 2021 11:04:37 GMT" time="36.621" errors="0">
  <testcase name="createTask" time="22.119" classname="testcases.RegressionSuite">
    <failure type="org.openqa.selenium.NoSuchElementException" message="Cannot locate an element using xpath=//div[@title=&amp;apos;Sudheer&amp;apos;]
For documentation on this error, please visit: https://www.seleniumhq.org/exceptions/no_such_element.html
Build info: version: &amp;apos;3.141.59&amp;apos;, revision: &amp;apos;e82be7d358&amp;apos;, time: &amp;apos;2018-11-14T08:17:03&amp;apos;
System info: host: &amp;apos;RUTHWIK&amp;apos;, ip: &amp;apos;192.168.1.3&amp;apos;, os.name: &amp;apos;Windows 10&amp;apos;, os.arch: &amp;apos;amd64&amp;apos;, os.version: &amp;apos;10.0&amp;apos;, java.version: &amp;apos;1.8.0_281&amp;apos;
Driver info: driver.version: RemoteWebDriver">
      <![CDATA[org.openqa.selenium.NoSuchElementException: Cannot locate an element using xpath=//div[@title='Sudheer']
For documentation on this error, please visit: https://www.seleniumhq.org/exceptions/no_such_element.html
Build info: version: '3.141.59', revision: 'e82be7d358', time: '2018-11-14T08:17:03'
System info: host: 'RUTHWIK', ip: '192.168.1.3', os.name: 'Windows 10', os.arch: 'amd64', os.version: '10.0', java.version: '1.8.0_281'
Driver info: driver.version: RemoteWebDriver
	at org.openqa.selenium.remote.RemoteWebDriver.findElement(RemoteWebDriver.java:327)
	at org.openqa.selenium.remote.RemoteWebDriver.findElementByXPath(RemoteWebDriver.java:428)
	at org.openqa.selenium.By$ByXPath.findElement(By.java:353)
	at org.openqa.selenium.remote.RemoteWebDriver.findElement(RemoteWebDriver.java:315)
	at testpages.CreateNewCustomer.verifyCustomer(CreateNewCustomer.java:60)
	at testcases.RegressionSuite.createTask(RegressionSuite.java:61)
... Removed 25 stack frames]]>
    </failure>
  </testcase> <!-- createTask -->
  <testcase name="getPageTitle" time="0.0" classname="testcases.RegressionSuite">
    <ignored/>
  </testcase> <!-- getPageTitle -->
  <testcase name="logintoApp" time="0.0" classname="testcases.RegressionSuite">
    <ignored/>
  </testcase> <!-- logintoApp -->
  <testcase name="loginadfasd" time="0.0" classname="testcases.RegressionSuite">
    <ignored/>
  </testcase> <!-- loginadfasd -->
</testsuite> <!-- Tasks Tests(failed) -->
